#
# A fatal error has been detected by the Java Runtime Environment:
#
#  EXCEPTION_ACCESS_VIOLATION (0xc0000005) at pc=0x62b8b400, pid=6224, tid=6404
#
# JRE version: 6.0_21-b07
# Java VM: Java HotSpot(TM) Client VM (17.0-b17 mixed mode, sharing windows-x86 )
# Problematic frame:
# C  [opencv_core245.dll+0x4b400]
#
# If you would like to submit a bug report, please visit:
#   http://java.sun.com/webapps/bugreport/crash.jsp
# The crash happened outside the Java Virtual Machine in native code.
# See problematic frame for where to report the bug.
#

---------------  T H R E A D  ---------------

Current thread (0x0049f000):  JavaThread "main" [_thread_in_native, id=6404, stack(0x00430000,0x00480000)]

siginfo: ExceptionCode=0xc0000005, reading address 0x051b6721

Registers:
EAX=0x00000000, EBX=0x0047f5d0, ECX=0x05fc0040, EDX=0x051b6723
ESP=0x0047f1f8, EBP=0x0047f208, ESI=0x00009c3c, EDI=0x05fc0030
EIP=0x62b8b400, EFLAGS=0x00010206

Top of Stack: (sp=0x0047f1f8)
0x0047f1f8:   00000000 0047f5d0 00000001 0004e200
0x0047f208:   0047f220 62b8d166 00009c40 05fc0030
0x0047f218:   00009c40 00000000 0047f3e8 62b90921
0x0047f228:   051b6720 00009c40 00000000 00000000
0x0047f238:   05fc0030 0004e200 00009c40 00000001
0x0047f248:   0047f25c 1d6f0f95 00000000 0047fb68
0x0047f258:   00000000 00000000 3ff00000 00000000
0x0047f268:   00000000 0000000a 00580150 02000002 

Instructions: (pc=0x62b8b400)
0x62b8b3f0:   ff 4d 14 33 c0 85 f6 78 56 8d 4f 10 8d 64 24 00
0x62b8b400:   0f b6 5c 02 fe 0f 57 c0 f2 0f 2a c3 0f b6 5c 02 


Stack: [0x00430000,0x00480000],  sp=0x0047f1f8,  free space=13c0047ecdck
Native frames: (J=compiled Java code, j=interpreted, Vv=VM code, C=native code)
C  [opencv_core245.dll+0x4b400]
C  [opencv_core245.dll+0x4d166]
C  [opencv_core245.dll+0x50921]
C  [opencv_contrib245.dll+0x3d655]
C  [opencv_contrib245.dll+0x43cb7]
C  [jniopencv_contrib.dll+0x10058]
j  com.googlecode.javacv.cpp.opencv_contrib$FaceRecognizer.train(Lcom/googlecode/javacv/cpp/opencv_core$MatVector;[I)V+0
j  mauroponce.pfi.recognition.OpenCVFaceRecognizer.main([Ljava/lang/String;)V+367
v  ~StubRoutines::call_stub
V  [jvm.dll+0xf3abc]
V  [jvm.dll+0x1865b1]
V  [jvm.dll+0xf3b3d]
V  [jvm.dll+0xfd385]
V  [jvm.dll+0x104fdd]
C  [javaw.exe+0x2155]
C  [javaw.exe+0x8614]
C  [kernel32.dll+0x1336a]
C  [ntdll.dll+0x39f72]
C  [ntdll.dll+0x39f45]

Java frames: (J=compiled Java code, j=interpreted, Vv=VM code)
j  com.googlecode.javacv.cpp.opencv_contrib$FaceRecognizer.train(Lcom/googlecode/javacv/cpp/opencv_core$MatVector;[I)V+0
j  mauroponce.pfi.recognition.OpenCVFaceRecognizer.main([Ljava/lang/String;)V+367
v  ~StubRoutines::call_stub

---------------  P R O C E S S  ---------------

Java Threads: ( => current thread )
  0x004dcc00 JavaThread "Low Memory Detector" daemon [_thread_blocked, id=924, stack(0x049a0000,0x049f0000)]
  0x004d7800 JavaThread "CompilerThread0" daemon [_thread_blocked, id=4956, stack(0x04910000,0x04960000)]
  0x004d6800 JavaThread "Attach Listener" daemon [_thread_blocked, id=1392, stack(0x04880000,0x048d0000)]
  0x004d3400 JavaThread "Signal Dispatcher" daemon [_thread_blocked, id=3676, stack(0x047f0000,0x04840000)]
  0x004c6c00 JavaThread "Finalizer" daemon [_thread_blocked, id=1488, stack(0x04760000,0x047b0000)]
  0x004c5800 JavaThread "Reference Handler" daemon [_thread_blocked, id=6356, stack(0x046d0000,0x04720000)]
=>0x0049f000 JavaThread "main" [_thread_in_native, id=6404, stack(0x00430000,0x00480000)]

Other Threads:
  0x004c4400 VMThread [stack: 0x04640000,0x04690000] [id=5244]
  0x004f0400 WatcherThread [stack: 0x04a30000,0x04a80000] [id=2868]

VM state:not at safepoint (normal execution)

VM Mutex/Monitor currently owned by a thread: None

Heap
 def new generation   total 4928K, used 1043K [0x241a0000, 0x246f0000, 0x296f0000)
  eden space 4416K,  19% used [0x241a0000, 0x2427b550, 0x245f0000)
  from space 512K,  32% used [0x24670000, 0x24699770, 0x246f0000)
  to   space 512K,   0% used [0x245f0000, 0x245f0000, 0x24670000)
 tenured generation   total 10944K, used 540K [0x296f0000, 0x2a1a0000, 0x341a0000)
   the space 10944K,   4% used [0x296f0000, 0x29777338, 0x29777400, 0x2a1a0000)
 compacting perm gen  total 12288K, used 1873K [0x341a0000, 0x34da0000, 0x381a0000)
   the space 12288K,  15% used [0x341a0000, 0x343744e0, 0x34374600, 0x34da0000)
    ro space 10240K,  54% used [0x381a0000, 0x3871c0f0, 0x3871c200, 0x38ba0000)
    rw space 12288K,  55% used [0x38ba0000, 0x3923fb80, 0x3923fc00, 0x397a0000)

Dynamic libraries:
0x00400000 - 0x00424000 	C:\Program Files (x86)\Java\jdk1.6.0_21\bin\javaw.exe
0x77260000 - 0x773e0000 	C:\windows\SysWOW64\ntdll.dll
0x74f90000 - 0x750a0000 	C:\windows\syswow64\kernel32.dll
0x76db0000 - 0x76df7000 	C:\windows\syswow64\KERNELBASE.dll
0x74ef0000 - 0x74f90000 	C:\windows\syswow64\ADVAPI32.dll
0x75b00000 - 0x75bac000 	C:\windows\syswow64\msvcrt.dll
0x75590000 - 0x755a9000 	C:\windows\SysWOW64\sechost.dll
0x74ce0000 - 0x74dd0000 	C:\windows\syswow64\RPCRT4.dll
0x74c80000 - 0x74ce0000 	C:\windows\syswow64\SspiCli.dll
0x74c70000 - 0x74c7c000 	C:\windows\syswow64\CRYPTBASE.dll
0x75660000 - 0x75760000 	C:\windows\syswow64\USER32.dll
0x755c0000 - 0x75650000 	C:\windows\syswow64\GDI32.dll
0x75190000 - 0x7519a000 	C:\windows\syswow64\LPK.dll
0x75f10000 - 0x75fad000 	C:\windows\syswow64\USP10.dll
0x75e70000 - 0x75ed0000 	C:\windows\system32\IMM32.DLL
0x74e00000 - 0x74ecc000 	C:\windows\syswow64\MSCTF.dll
0x7c340000 - 0x7c396000 	C:\Program Files (x86)\Java\jdk1.6.0_21\jre\bin\msvcr71.dll
0x6d8b0000 - 0x6db57000 	C:\Program Files (x86)\Java\jdk1.6.0_21\jre\bin\client\jvm.dll
0x73080000 - 0x730b2000 	C:\windows\system32\WINMM.dll
0x72140000 - 0x7218c000 	C:\windows\system32\apphelp.dll
0x6d860000 - 0x6d86c000 	C:\Program Files (x86)\Java\jdk1.6.0_21\jre\bin\verify.dll
0x6d3e0000 - 0x6d3ff000 	C:\Program Files (x86)\Java\jdk1.6.0_21\jre\bin\java.dll
0x6d340000 - 0x6d348000 	C:\Program Files (x86)\Java\jdk1.6.0_21\jre\bin\hpi.dll
0x77230000 - 0x77235000 	C:\windows\syswow64\PSAPI.DLL
0x6d8a0000 - 0x6d8af000 	C:\Program Files (x86)\Java\jdk1.6.0_21\jre\bin\zip.dll
0x721d0000 - 0x7228f000 	C:\Windows\System32\msvcr100.dll
0x6bdd0000 - 0x6be39000 	C:\Windows\System32\msvcp100.dll
0x62b40000 - 0x62d3f000 	C:\Users\smoral\Development\javacv-windows-x86\com\googlecode\javacv\cpp\windows-x86\opencv_core245.dll
0x74880000 - 0x748f4000 	C:\Users\smoral\AppData\Local\Temp\javacpp1374457026997\jniopencv_core.dll
0x628d0000 - 0x62b31000 	C:\Users\smoral\Development\javacv-windows-x86\com\googlecode\javacv\cpp\windows-x86\opencv_imgproc245.dll
0x74970000 - 0x749a9000 	C:\Users\smoral\AppData\Local\Temp\javacpp1374457026997\jniopencv_imgproc.dll
0x70fc0000 - 0x71d59000 	C:\Users\smoral\Development\javacv-windows-x86\com\googlecode\javacv\cpp\windows-x86\opencv_ffmpeg245.dll
0x730f0000 - 0x730f7000 	C:\windows\system32\WSOCK32.DLL
0x75ed0000 - 0x75f05000 	C:\windows\syswow64\WS2_32.dll
0x74df0000 - 0x74df6000 	C:\windows\syswow64\NSI.dll
0x626c0000 - 0x628ca000 	C:\Users\smoral\Development\javacv-windows-x86\com\googlecode\javacv\cpp\windows-x86\opencv_highgui245.dll
0x759a0000 - 0x75afc000 	C:\windows\syswow64\ole32.dll
0x75d90000 - 0x75e1f000 	C:\windows\syswow64\OLEAUT32.dll
0x05260000 - 0x053fe000 	C:\windows\WinSxS\x86_microsoft.windows.common-controls_6595b64144ccf1df_6.0.7601.17514_none_41e6975e2bd6f2b2\COMCTL32.dll
0x75130000 - 0x75187000 	C:\windows\syswow64\SHLWAPI.dll
0x74950000 - 0x74969000 	C:\windows\system32\AVIFIL32.dll
0x6fa60000 - 0x6fa74000 	C:\windows\system32\MSACM32.dll
0x70310000 - 0x70331000 	C:\windows\system32\MSVFW32.dll
0x76150000 - 0x76d9a000 	C:\windows\syswow64\SHELL32.dll
0x70340000 - 0x70353000 	C:\windows\system32\AVICAP32.dll
0x73230000 - 0x73239000 	C:\windows\system32\VERSION.dll
0x741d0000 - 0x741df000 	C:\Users\smoral\AppData\Local\Temp\javacpp1374457026997\jniopencv_highgui.dll
0x62e40000 - 0x62ebc000 	C:\Users\smoral\Development\javacv-windows-x86\com\googlecode\javacv\cpp\windows-x86\opencv_flann245.dll
0x62f20000 - 0x62f34000 	C:\Users\smoral\AppData\Local\Temp\javacpp1374457026997\jniopencv_flann.dll
0x62d80000 - 0x62e35000 	C:\Users\smoral\Development\javacv-windows-x86\com\googlecode\javacv\cpp\windows-x86\opencv_features2d245.dll
0x62ee0000 - 0x62f17000 	C:\Users\smoral\AppData\Local\Temp\javacpp1374457026997\jniopencv_features2d.dll
0x625f0000 - 0x626b6000 	C:\Users\smoral\Development\javacv-windows-x86\com\googlecode\javacv\cpp\windows-x86\opencv_calib3d245.dll
0x62ec0000 - 0x62edd000 	C:\Users\smoral\AppData\Local\Temp\javacpp1374457026997\jniopencv_calib3d.dll
0x62540000 - 0x625e6000 	C:\Users\smoral\Development\javacv-windows-x86\com\googlecode\javacv\cpp\windows-x86\opencv_objdetect245.dll
0x62d40000 - 0x62d7a000 	C:\Users\smoral\AppData\Local\Temp\javacpp1374457026997\jniopencv_objdetect.dll
0x624e0000 - 0x62540000 	C:\Users\smoral\Development\javacv-windows-x86\com\googlecode\javacv\cpp\windows-x86\opencv_video245.dll
0x624c0000 - 0x624d6000 	C:\Users\smoral\AppData\Local\Temp\javacpp1374457026997\jniopencv_video.dll
0x62440000 - 0x624c0000 	C:\Users\smoral\Development\javacv-windows-x86\com\googlecode\javacv\cpp\windows-x86\opencv_ml245.dll
0x623f0000 - 0x62438000 	C:\Users\smoral\AppData\Local\Temp\javacpp1374457026997\jniopencv_ml.dll
0x622c0000 - 0x623e1000 	C:\Users\smoral\Development\javacv-windows-x86\com\googlecode\javacv\cpp\windows-x86\opencv_contrib245.dll
0x62270000 - 0x622b5000 	C:\Users\smoral\AppData\Local\Temp\javacpp1374457026997\jniopencv_contrib.dll

VM Arguments:
jvm_args: -Dfile.encoding=Cp1252 
java_command: mauroponce.pfi.recognition.OpenCVFaceRecognizer
Launcher Type: SUN_STANDARD

Environment Variables:
JAVA_HOME=C:\Program Files (x86)\Java\jdk1.6.0_21
CLASSPATH=C:\Program Files\Java\jdk1.6.0_24\src.zip;C:\Users\smoral\UADE\5to Año\Tesis\PFI-ConMauro\javacv-0.5-bin\javacv-bin\*;C:\Users\smoral\UADE\5to Año\Tesis\PFI-ConMauro\javacv-0.5-cppjars\javacv-cppjars\*;
PATH=C:/Program Files (x86)/Java/jre7/bin/client;C:/Program Files (x86)/Java/jre7/bin;C:/Program Files (x86)/Java/jre7/lib/i386;C:\Program Files\Common Files\Microsoft Shared\Windows Live;C:\Program Files (x86)\Common Files\Microsoft Shared\Windows Live;C:\windows\system32;C:\windows;C:\windows\System32\Wbem;C:\windows\System32\WindowsPowerShell\v1.0\;C:\Program Files (x86)\Windows Live\Shared;C:\Program Files\Microsoft Windows Performance Toolkit\;C:\Program Files\Java\jdk1.6.0_24\bin;c:\Program Files (x86)\Microsoft SQL Server\100\Tools\Binn\;c:\Program Files\Microsoft SQL Server\100\Tools\Binn\;c:\Program Files\Microsoft SQL Server\100\DTS\Binn\;c:\Program Files (x86)\Microsoft SQL Server\100\Tools\Binn\VSShell\Common7\IDE\;c:\Program Files (x86)\Microsoft SQL Server\100\DTS\Binn\;C:\Program Files\TortoiseSVN\bin;C:\Users\smoral\Development\opencv\build\x86\vc10\bin;C:\Users\smoral\Development\opencv\build\common\tbb\ia32\vc10;C:\Users\smoral\Development\javacv-windows-x86\com\googlecode\javacv\cpp\windows-x86;C:\grails-2.0.3\bin;C:\Users\smoral\UADE\5to Año\Tesis\PFI-ConMauro\javacv-0.5-bin\javacv-bin\javacpp.jar;C:\Users\smoral\UADE\5to Año\Tesis\PFI-ConMauro\javacv-0.5-bin\javacv-bin\javacv.jar;C:\Users\smoral\UADE\5to Año\Tesis\PFI-ConMauro\javacv-0.5-bin\javacv-bin\javacv-*.jar;C:\Users\smoral\UADE\5to Año\Tesis\PFI-ConMauro\javacv-0.5-cppjars\javacv-cppjars\opencv-2.4.5*.jar;C:\Program Files\TortoiseGit\bin;C:\springsource\sts-2.9.1.RELEASE;
USERNAME=smoral
OS=Windows_NT
PROCESSOR_IDENTIFIER=Intel64 Family 6 Model 37 Stepping 5, GenuineIntel



---------------  S Y S T E M  ---------------

OS: Windows 7 Build 7601 Service Pack 1

CPU:total 4 (8 cores per cpu, 2 threads per core) family 6 model 37 stepping 5, cmov, cx8, fxsr, mmx, sse, sse2, sse3, ssse3, sse4.1, sse4.2, popcnt, ht

Memory: 4k page, physical 3987312k(1391076k free), swap 7972760k(4706464k free)

vm_info: Java HotSpot(TM) Client VM (17.0-b17) for windows-x86 JRE (1.6.0_21-b07), built on Jul 17 2010 01:10:15 by "java_re" with MS VC++ 7.1 (VS2003)

time: Thu Mar 06 02:27:37 2014
elapsed time: 1 seconds

