#
# A fatal error has been detected by the Java Runtime Environment:
#
#  EXCEPTION_ACCESS_VIOLATION (0xc0000005) at pc=0x659db400, pid=7336, tid=2920
#
# JRE version: 6.0_21-b07
# Java VM: Java HotSpot(TM) Client VM (17.0-b17 mixed mode windows-x86 )
# Problematic frame:
# C  [opencv_core245.dll+0x4b400]
#
# If you would like to submit a bug report, please visit:
#   http://java.sun.com/webapps/bugreport/crash.jsp
# The crash happened outside the Java Virtual Machine in native code.
# See problematic frame for where to report the bug.
#

---------------  T H R E A D  ---------------

Current thread (0x0252f000):  JavaThread "main" [_thread_in_native, id=2920, stack(0x001f0000,0x00240000)]

siginfo: ExceptionCode=0xc0000005, reading address 0x1b13d7d1

Registers:
EAX=0x00000000, EBX=0x0023f5b0, ECX=0x1b310040, EDX=0x1b13d7d3
ESP=0x0023f1d8, EBP=0x0023f1e8, ESI=0x00009c3c, EDI=0x1b310030
EIP=0x659db400, EFLAGS=0x00010206

Top of Stack: (sp=0x0023f1d8)
0x0023f1d8:   00000000 0023f5b0 00000001 0004e200
0x0023f1e8:   0023f200 659dd166 00009c40 1b310030
0x0023f1f8:   00009c40 00000000 0023f3c8 659e0921
0x0023f208:   1b13d7d0 00009c40 00000000 00000000
0x0023f218:   1b310030 0004e200 00009c40 00000001
0x0023f228:   0023f23c 08177995 00000000 0023fb48
0x0023f238:   00000000 00000000 3ff00000 00000000
0x0023f248:   00000000 00000003 6cb40000 00000080 

Instructions: (pc=0x659db400)
0x659db3f0:   ff 4d 14 33 c0 85 f6 78 56 8d 4f 10 8d 64 24 00
0x659db400:   0f b6 5c 02 fe 0f 57 c0 f2 0f 2a c3 0f b6 5c 02 


Stack: [0x001f0000,0x00240000],  sp=0x0023f1d8,  free space=13c0023ecbck
Native frames: (J=compiled Java code, j=interpreted, Vv=VM code, C=native code)
C  [opencv_core245.dll+0x4b400]
C  [opencv_core245.dll+0x4d166]
C  [opencv_core245.dll+0x50921]
C  [opencv_contrib245.dll+0x3d655]
C  [opencv_contrib245.dll+0x43cb7]
C  [jniopencv_contrib.dll+0x10058]
j  com.googlecode.javacv.cpp.opencv_contrib$FaceRecognizer.train(Lcom/googlecode/javacv/cpp/opencv_core$MatVector;[I)V+0
j  mauroponce.pfi.recognition.FaceRecognizerFisher.fisherFacesRecognition(Ljava/lang/String;Ljava/lang/String;)V+382
j  mauroponce.pfi.tests.RecognitionTest.main([Ljava/lang/String;)V+49
v  ~StubRoutines::call_stub
V  [jvm.dll+0xf3abc]
V  [jvm.dll+0x1865b1]
V  [jvm.dll+0xf3b3d]
V  [jvm.dll+0xfd385]
V  [jvm.dll+0x104fdd]
C  [javaw.exe+0x2155]
C  [javaw.exe+0x8614]
C  [kernel32.dll+0x1336a]
C  [ntdll.dll+0x39f72]
C  [ntdll.dll+0x39f45]

Java frames: (J=compiled Java code, j=interpreted, Vv=VM code)
j  com.googlecode.javacv.cpp.opencv_contrib$FaceRecognizer.train(Lcom/googlecode/javacv/cpp/opencv_core$MatVector;[I)V+0
j  mauroponce.pfi.recognition.FaceRecognizerFisher.fisherFacesRecognition(Ljava/lang/String;Ljava/lang/String;)V+382
j  mauroponce.pfi.tests.RecognitionTest.main([Ljava/lang/String;)V+49
v  ~StubRoutines::call_stub

---------------  P R O C E S S  ---------------

Java Threads: ( => current thread )
  0x18ec8c00 JavaThread "Low Memory Detector" daemon [_thread_blocked, id=7960, stack(0x19100000,0x19150000)]
  0x02609800 JavaThread "CompilerThread0" daemon [_thread_blocked, id=7360, stack(0x18dc0000,0x18e10000)]
  0x025f4c00 JavaThread "JDWP Command Reader" daemon [_thread_in_native, id=1976, stack(0x18d30000,0x18d80000)]
  0x025f3c00 JavaThread "JDWP Event Helper Thread" daemon [_thread_blocked, id=6452, stack(0x18ca0000,0x18cf0000)]
  0x025f1000 JavaThread "JDWP Transport Listener: dt_socket" daemon [_thread_blocked, id=3360, stack(0x18bb0000,0x18c00000)]
  0x025e4800 JavaThread "Attach Listener" daemon [_thread_blocked, id=6416, stack(0x188b0000,0x18900000)]
  0x025e1800 JavaThread "Signal Dispatcher" daemon [_thread_blocked, id=7032, stack(0x18820000,0x18870000)]
  0x025b1800 JavaThread "Finalizer" daemon [_thread_blocked, id=4852, stack(0x18790000,0x187e0000)]
  0x025ad000 JavaThread "Reference Handler" daemon [_thread_blocked, id=7656, stack(0x18700000,0x18750000)]
=>0x0252f000 JavaThread "main" [_thread_in_native, id=2920, stack(0x001f0000,0x00240000)]

Other Threads:
  0x025aa800 VMThread [stack: 0x18670000,0x186c0000] [id=4316]
  0x0260e800 WatcherThread [stack: 0x19190000,0x191e0000] [id=7824]

VM state:not at safepoint (normal execution)

VM Mutex/Monitor currently owned by a thread: None

Heap
 def new generation   total 4928K, used 426K [0x04610000, 0x04b60000, 0x09b60000)
  eden space 4416K,   3% used [0x04610000, 0x0463c0b0, 0x04a60000)
  from space 512K,  48% used [0x04a60000, 0x04a9e7d8, 0x04ae0000)
  to   space 512K,   0% used [0x04ae0000, 0x04ae0000, 0x04b60000)
 tenured generation   total 10944K, used 539K [0x09b60000, 0x0a610000, 0x14610000)
   the space 10944K,   4% used [0x09b60000, 0x09be6fc8, 0x09be7000, 0x0a610000)
 compacting perm gen  total 12288K, used 4970K [0x14610000, 0x15210000, 0x18610000)
   the space 12288K,  40% used [0x14610000, 0x14aea890, 0x14aeaa00, 0x15210000)
No shared spaces configured.

Dynamic libraries:
0x00400000 - 0x00424000 	C:\Program Files (x86)\Java\jdk1.6.0_21\bin\javaw.exe
0x77a40000 - 0x77bc0000 	C:\windows\SysWOW64\ntdll.dll
0x76ba0000 - 0x76cb0000 	C:\windows\syswow64\kernel32.dll
0x76290000 - 0x762d7000 	C:\windows\syswow64\KERNELBASE.dll
0x76ad0000 - 0x76b70000 	C:\windows\syswow64\ADVAPI32.dll
0x77510000 - 0x775bc000 	C:\windows\syswow64\msvcrt.dll
0x775c0000 - 0x775d9000 	C:\windows\SysWOW64\sechost.dll
0x76750000 - 0x76840000 	C:\windows\syswow64\RPCRT4.dll
0x75460000 - 0x754c0000 	C:\windows\syswow64\SspiCli.dll
0x75450000 - 0x7545c000 	C:\windows\syswow64\CRYPTBASE.dll
0x76520000 - 0x76620000 	C:\windows\syswow64\USER32.dll
0x76490000 - 0x76520000 	C:\windows\syswow64\GDI32.dll
0x76370000 - 0x7637a000 	C:\windows\syswow64\LPK.dll
0x76380000 - 0x7641d000 	C:\windows\syswow64\USP10.dll
0x775e0000 - 0x77640000 	C:\windows\system32\IMM32.DLL
0x76840000 - 0x7690c000 	C:\windows\syswow64\MSCTF.dll
0x7c340000 - 0x7c396000 	C:\Program Files (x86)\Java\jdk1.6.0_21\jre\bin\msvcr71.dll
0x6d8b0000 - 0x6db57000 	C:\Program Files (x86)\Java\jdk1.6.0_21\jre\bin\client\jvm.dll
0x73860000 - 0x73892000 	C:\windows\system32\WINMM.dll
0x72150000 - 0x7219c000 	C:\windows\system32\apphelp.dll
0x6d860000 - 0x6d86c000 	C:\Program Files (x86)\Java\jdk1.6.0_21\jre\bin\verify.dll
0x6d3e0000 - 0x6d3ff000 	C:\Program Files (x86)\Java\jdk1.6.0_21\jre\bin\java.dll
0x6d340000 - 0x6d348000 	C:\Program Files (x86)\Java\jdk1.6.0_21\jre\bin\hpi.dll
0x76910000 - 0x76915000 	C:\windows\syswow64\PSAPI.DLL
0x6d430000 - 0x6d459000 	C:\Program Files (x86)\Java\jdk1.6.0_21\jre\bin\jdwp.dll
0x6d750000 - 0x6d756000 	C:\Program Files (x86)\Java\jdk1.6.0_21\jre\bin\npt.dll
0x6d8a0000 - 0x6d8af000 	C:\Program Files (x86)\Java\jdk1.6.0_21\jre\bin\zip.dll
0x6d2b0000 - 0x6d2b7000 	C:\Program Files (x86)\Java\jdk1.6.0_21\jre\bin\dt_socket.dll
0x76cb0000 - 0x76ce5000 	C:\windows\syswow64\WS2_32.dll
0x76420000 - 0x76426000 	C:\windows\syswow64\NSI.dll
0x74220000 - 0x74230000 	C:\windows\system32\NLAapi.dll
0x74210000 - 0x74220000 	C:\windows\system32\napinsp.dll
0x741e0000 - 0x741f2000 	C:\windows\system32\pnrpnsp.dll
0x73500000 - 0x7353c000 	C:\windows\System32\mswsock.dll
0x72f20000 - 0x72f64000 	C:\windows\system32\DNSAPI.dll
0x74d50000 - 0x74d58000 	C:\windows\System32\winrnr.dll
0x71b20000 - 0x71b47000 	C:\Program Files (x86)\Common Files\Microsoft Shared\Windows Live\WLIDNSP.DLL
0x755e0000 - 0x75637000 	C:\windows\syswow64\SHLWAPI.dll
0x71970000 - 0x71991000 	C:\Program Files (x86)\Bonjour\mdnsNSP.dll
0x731a0000 - 0x731bc000 	C:\windows\system32\Iphlpapi.DLL
0x73190000 - 0x73197000 	C:\windows\system32\WINNSI.DLL
0x71930000 - 0x71968000 	C:\windows\System32\fwpuclnt.dll
0x71ae0000 - 0x71ae6000 	C:\windows\system32\rasadhlp.dll
0x734f0000 - 0x734f5000 	C:\windows\System32\wshtcpip.dll
0x71ef0000 - 0x71faf000 	C:\Windows\System32\msvcr100.dll
0x72960000 - 0x729c9000 	C:\Windows\System32\msvcp100.dll
0x65990000 - 0x65b8f000 	C:\Users\smoral\Development\javacv-windows-x86\com\googlecode\javacv\cpp\windows-x86\opencv_core245.dll
0x6cb40000 - 0x6cbb4000 	C:\Users\smoral\AppData\Local\Temp\javacpp24997677655901\jniopencv_core.dll
0x6ae70000 - 0x6b0d1000 	C:\Users\smoral\Development\javacv-windows-x86\com\googlecode\javacv\cpp\windows-x86\opencv_imgproc245.dll
0x74e10000 - 0x74e49000 	C:\Users\smoral\AppData\Local\Temp\javacpp24997677655901\jniopencv_imgproc.dll
0x19fd0000 - 0x1ad69000 	C:\Users\smoral\Development\javacv-windows-x86\com\googlecode\javacv\cpp\windows-x86\opencv_ffmpeg245.dll
0x738d0000 - 0x738d7000 	C:\windows\system32\WSOCK32.DLL
0x65780000 - 0x6598a000 	C:\Users\smoral\Development\javacv-windows-x86\com\googlecode\javacv\cpp\windows-x86\opencv_highgui245.dll
0x77070000 - 0x771cc000 	C:\windows\syswow64\ole32.dll
0x77250000 - 0x772df000 	C:\windows\syswow64\OLEAUT32.dll
0x72bb0000 - 0x72d4e000 	C:\windows\WinSxS\x86_microsoft.windows.common-controls_6595b64144ccf1df_6.0.7601.17514_none_41e6975e2bd6f2b2\COMCTL32.dll
0x74df0000 - 0x74e09000 	C:\windows\system32\AVIFIL32.dll
0x6ef30000 - 0x6ef44000 	C:\windows\system32\MSACM32.dll
0x72e90000 - 0x72eb1000 	C:\windows\system32\MSVFW32.dll
0x75640000 - 0x7628a000 	C:\windows\syswow64\SHELL32.dll
0x74c30000 - 0x74c43000 	C:\windows\system32\AVICAP32.dll
0x73a10000 - 0x73a19000 	C:\windows\system32\VERSION.dll
0x74eb0000 - 0x74ebf000 	C:\Users\smoral\AppData\Local\Temp\javacpp24997677655901\jniopencv_highgui.dll
0x6ca40000 - 0x6cabc000 	C:\Users\smoral\Development\javacv-windows-x86\com\googlecode\javacv\cpp\windows-x86\opencv_flann245.dll
0x74e90000 - 0x74ea4000 	C:\Users\smoral\AppData\Local\Temp\javacpp24997677655901\jniopencv_flann.dll
0x6b6a0000 - 0x6b755000 	C:\Users\smoral\Development\javacv-windows-x86\com\googlecode\javacv\cpp\windows-x86\opencv_features2d245.dll
0x6dfd0000 - 0x6e007000 	C:\Users\smoral\AppData\Local\Temp\javacpp24997677655901\jniopencv_features2d.dll
0x69d60000 - 0x69e26000 	C:\Users\smoral\Development\javacv-windows-x86\com\googlecode\javacv\cpp\windows-x86\opencv_calib3d245.dll
0x6de70000 - 0x6de8d000 	C:\Users\smoral\AppData\Local\Temp\javacpp24997677655901\jniopencv_calib3d.dll
0x6cad0000 - 0x6cb38000 	C:\Users\smoral\Development\javacv-windows-x86\com\googlecode\javacv\cpp\windows-x86\opencv_nonfree245.dll
0x6b5f0000 - 0x6b696000 	C:\Users\smoral\Development\javacv-windows-x86\com\googlecode\javacv\cpp\windows-x86\opencv_objdetect245.dll
0x6c9d0000 - 0x6ca3e000 	C:\Users\smoral\Development\javacv-windows-x86\com\googlecode\javacv\cpp\windows-x86\opencv_gpu245.dll
0x69d00000 - 0x69d60000 	C:\Users\smoral\Development\javacv-windows-x86\com\googlecode\javacv\cpp\windows-x86\opencv_video245.dll
0x74de0000 - 0x74dee000 	C:\Users\smoral\AppData\Local\Temp\javacpp24997677655901\jniopencv_nonfree.dll
0x6de50000 - 0x6de66000 	C:\Users\smoral\AppData\Local\Temp\javacpp24997677655901\jniopencv_video.dll
0x69c80000 - 0x69d00000 	C:\Users\smoral\Development\javacv-windows-x86\com\googlecode\javacv\cpp\windows-x86\opencv_ml245.dll
0x662a0000 - 0x662e8000 	C:\Users\smoral\AppData\Local\Temp\javacpp24997677655901\jniopencv_ml.dll
0x60330000 - 0x60463000 	C:\Users\smoral\Development\javacv-windows-x86\com\googlecode\javacv\cpp\windows-x86\opencv_legacy245.dll
0x656e0000 - 0x65777000 	C:\Users\smoral\AppData\Local\Temp\javacpp24997677655901\jniopencv_legacy.dll
0x69c40000 - 0x69c7a000 	C:\Users\smoral\AppData\Local\Temp\javacpp24997677655901\jniopencv_objdetect.dll
0x64be0000 - 0x64d01000 	C:\Users\smoral\Development\javacv-windows-x86\com\googlecode\javacv\cpp\windows-x86\opencv_contrib245.dll
0x65690000 - 0x656d5000 	C:\Users\smoral\AppData\Local\Temp\javacpp24997677655901\jniopencv_contrib.dll

VM Arguments:
jvm_args: -agentlib:jdwp=transport=dt_socket,suspend=y,address=localhost:50762 -Dfile.encoding=Cp1252 
java_command: mauroponce.pfi.tests.RecognitionTest
Launcher Type: SUN_STANDARD

Environment Variables:
JAVA_HOME=C:\Program Files (x86)\Java\jdk1.6.0_21
CLASSPATH=C:\Program Files\Java\jdk1.6.0_24\src.zip;C:\Users\smoral\UADE\5to A¤o\Tesis\PFI-ConMauro\javacv-0.5-bin\javacv-bin\*;C:\Users\smoral\UADE\5to A¤o\Tesis\PFI-ConMauro\javacv-0.5-cppjars\javacv-cppjars\*;
PATH=C:\Program Files (x86)\Java\jdk1.6.0_21\jre\bin;C:/Program Files (x86)/Java/jre7/bin/client;C:/Program Files (x86)/Java/jre7/bin;C:/Program Files (x86)/Java/jre7/lib/i386;C:\Program Files\Common Files\Microsoft Shared\Windows Live;C:\Program Files (x86)\Common Files\Microsoft Shared\Windows Live;C:\windows\system32;C:\windows;C:\windows\System32\Wbem;C:\windows\System32\WindowsPowerShell\v1.0\;C:\Program Files (x86)\Windows Live\Shared;C:\Program Files\Microsoft Windows Performance Toolkit\;C:\Program Files\Java\jdk1.6.0_24\bin;c:\Program Files (x86)\Microsoft SQL Server\100\Tools\Binn\;c:\Program Files\Microsoft SQL Server\100\Tools\Binn\;c:\Program Files\Microsoft SQL Server\100\DTS\Binn\;c:\Program Files (x86)\Microsoft SQL Server\100\Tools\Binn\VSShell\Common7\IDE\;c:\Program Files (x86)\Microsoft SQL Server\100\DTS\Binn\;C:\Program Files\TortoiseSVN\bin;C:\Users\smoral\Development\opencv\build\x86\vc10\bin;C:\Users\smoral\Development\opencv\build\common\tbb\ia32\vc10;C:\Users\smoral\Development\javacv-windows-x86\com\googlecode\javacv\cpp\windows-x86;C:\grails-2.0.3\bin;C:\Users\smoral\UADE\5to A¤o\Tesis\PFI-ConMauro\javacv-0.5-bin\javacv-bin\javacpp.jar;C:\Users\smoral\UADE\5to A¤o\Tesis\PFI-ConMauro\javacv-0.5-bin\javacv-bin\javacv.jar;C:\Users\smoral\UADE\5to A¤o\Tesis\PFI-ConMauro\javacv-0.5-bin\javacv-bin\javacv-*.jar;C:\Users\smoral\UADE\5to A¤o\Tesis\PFI-ConMauro\javacv-0.5-cppjars\javacv-cppjars\opencv-2.4.5*.jar;C:\Program Files\TortoiseGit\bin;C:\springsource\sts-2.9.1.RELEASE;
USERNAME=smoral
OS=Windows_NT
PROCESSOR_IDENTIFIER=Intel64 Family 6 Model 37 Stepping 5, GenuineIntel



---------------  S Y S T E M  ---------------

OS: Windows 7 Build 7601 Service Pack 1

CPU:total 4 (8 cores per cpu, 2 threads per core) family 6 model 37 stepping 5, cmov, cx8, fxsr, mmx, sse, sse2, sse3, ssse3, sse4.1, sse4.2, popcnt, ht

Memory: 4k page, physical 3987312k(876204k free), swap 7972760k(3684604k free)

vm_info: Java HotSpot(TM) Client VM (17.0-b17) for windows-x86 JRE (1.6.0_21-b07), built on Jul 17 2010 01:10:15 by "java_re" with MS VC++ 7.1 (VS2003)

time: Thu Mar 06 01:54:01 2014
elapsed time: 3 seconds

